MESSAGE_COMMAND

@badge-info=;badges=broadcaster/1;client-nonce=9b6a9b8f7d31be5076eb21416a87dae8;color=;display-name=francoe1;emotes=;first-msg=0;flags=;id=cb7cc162-c16f-4221-a024-dac9eb4af1f3;mod=0;room-id=147383910;subscriber=0;tmi-sent-ts=1635091381971;turbo=0;user-id=147383910;user-type= :francoe1!francoe1@francoe1.tmi.twitch.tv PRIVMSG #francoe1 :!move up


LOGIN

:tmi.twitch.tv 001 francoe1 :Welcome, GLHF!


JOIN

:francoe1!francoe1@francoe1.tmi.twitch.tv JOIN #francoe1


MESSAGE_COMMAND

@badge-info=;badges=broadcaster/1;client-nonce=eb3494d79e8d6f71398737cb59ceccb0;color=;display-name=francoe1;emotes=;first-msg=0;flags=;id=c733ef5d-dd69-4a28-a048-a7182cc995b7;mod=0;room-id=147383910;subscriber=0;tmi-sent-ts=1635091419284;turbo=0;user-id=147383910;user-type= :francoe1!francoe1@francoe1.tmi.twitch.tv PRIVMSG #francoe1 :!start


MESSAGE_COMMAND

@badge-info=;badges=broadcaster/1;client-nonce=3dacaa92925ed60344b1897bdd990f2f;color=;display-name=francoe1;emotes=;first-msg=0;flags=;id=41d72773-f623-4a14-965a-354ec7ff5a44;mod=0;room-id=147383910;subscriber=0;tmi-sent-ts=1635091428027;turbo=0;user-id=147383910;user-type= :francoe1!francoe1@francoe1.tmi.twitch.tv PRIVMSG #francoe1 :!move down


LOGIN

:tmi.twitch.tv 001 francoe1 :Welcome, GLHF!


LOGIN

:tmi.twitch.tv 001 francoe1 :Welcome, GLHF!


LOGIN

:tmi.twitch.tv 001 francoe1 :Welcome, GLHF!


LOGIN

:tmi.twitch.tv 001 francoe1 :Welcome, GLHF!


LOGIN

:tmi.twitch.tv 001 francoe1 :Welcome, GLHF!


LOGIN

:tmi.twitch.tv 001 francoe1 :Welcome, GLHF!


LOGIN

:tmi.twitch.tv 001 francoe1 :Welcome, GLHF!


